 ** Message System Log
 ** Database: 
 ** Date:   Sun Oct 28 08:56:09 2018


****************
Macro Parameters
****************

Name                            : adc_fifo
Family                          : PA3LC
Output Format                   : VERILOG
Type                            : SOFTFIFO
Write Enable                    : Active High
Read Clock                      : Rising
Write Clock                     : Rising
Reset                           : Active Low
Read Enable                     : Active High
Write Depth                     : 1000
Write Width                     : 64
Read Depth                      : 8000
Read Width                      : 8
Almost Full                     : 65536
Almost Empty                    : 65536
Clocks                          : Independent Read and Write Clocks
AEFlag                          : None
AFFlag                          : None
Read Pipe Mode1                 : No Pipe
Optimized for                   : Speed
Prevent Read When Empty         : Yes
Prevent Write When Full         : Yes
Write Acknowledge               : No
Data Valid                      : No
Overflow                        : No
Underflow                       : No
Read Data Count                 : Yes
Write Data Count                : Yes
Standalone Controller           : False
Initialize RAM                  : False
Portname DataIn                 : DATA
Portname DataOut                : Q
Portname AE Port                : AEVAL
Portname AF Port                : AFVAL
Portname Write En               : WE
Portname Read En                : RE
Portname WClock                 : WCLOCK
Portname RClock                 : RCLOCK
Portname AE Flag                : AEMPTY
Portname AF Flag                : AFULL
Portname Full Flag              : FULL
Portname Empty Flag             : EMPTY
Portname Reset                  : RESET
Portname Write Acknowledge      : WACK
Portname Data Valid             : DVLD
Portname Overflow               : OVERFLOW
Portname Underflow              : UNDERFLOW
Portname Read Count             : RDCNT
Portname Write Count            : WRCNT
Portname Memory Write Address   :
Portname Memory Read Address    :
Portname Memory Write Enable    :
Portname Memory Read Enable     :
Portname Clock                  :

Cascade Configuration:
     Port A configuration       : 512x8
     Port B configuration       : 4096x1
     Number of blocks depth wise: 2
     Number of blocks width wise: 8

**************
Compile Report
**************

Warning:  CMP503: Remapped 46 enable flip-flop(s) to a 2-tile implementation because the CLR/PRE pin on the enable flip-flop is not being driven by a global net.

Netlist Resource Report
=======================

    CORE                       Used:    736  Total:  24576   (2.99%)
    IO (W/ clocks)             Used:      0  Total:     97   (0.00%)
    Differential IO            Used:      0  Total:     25   (0.00%)
    GLOBAL (Chip+Quadrant)     Used:      0  Total:     18   (0.00%)
    PLL                        Used:      0  Total:      1   (0.00%)
    RAM/FIFO                   Used:     16  Total:     32   (50.00%)
    Low Static ICC             Used:      0  Total:      1   (0.00%)
    FlashROM                   Used:      0  Total:      1   (0.00%)
    User JTAG                  Used:      0  Total:      1   (0.00%)

Wrote Verilog netlist to C:/Users/yngve/Dropbox/projects/bilradar/fpga/bv5000/smartgen\adc_fifo\adc_fifo.v.

 ** Log Ended:   Sun Oct 28 08:56:10 2018

